# JRE version: OpenJDK Runtime Environment Temurin-21.0.6+7 (21.0.6+7) (build 21.0.6+7-LTS)
# Java VM: OpenJDK 64-Bit Server VM Temurin-21.0.6+7 (21.0.6+7-LTS, mixed mode, sharing, tiered, compressed oops, compressed class ptrs, parallel gc, windows-amd64)
GC Precious Log:
 CardTable entry size: 512
 CPUs: 12 total, 12 available
 Memory: 16296M
 Large Page Support: Disabled
 NUMA Support: Disabled
 Compressed Oops: Enabled (32-bit)
 Alignments: Space 512K, Generation 512K, Heap 2M
 Heap Min Capacity: 100M
 Heap Initial Capacity: 100M
 Heap Max Capacity: 1G
 Pre-touch: Disabled
 Parallel Workers: 10
Heap:
 PSYoungGen      total 2560K, used 1540K [0x00000000eab00000, 0x00000000eae80000, 0x0000000100000000)
  eden space 2048K, 58% used [0x00000000eab00000,0x00000000eac292d8,0x00000000ead00000)
  from space 512K, 68% used [0x00000000eae00000,0x00000000eae58000,0x00000000eae80000)
  to   space 512K, 0% used [0x00000000ead80000,0x00000000ead80000,0x00000000eae00000)
 ParOldGen       total 328704K, used 328280K [0x00000000c0000000, 0x00000000d4100000, 0x00000000eab00000)
  object space 328704K, 99% used [0x00000000c0000000,0x00000000d4096048,0x00000000d4100000)
 Metaspace       used 79285K, committed 81024K, reserved 1179648K
  class space    used 7927K, committed 8704K, reserved 1048576K
GC Heap History (20 events):
Event: 489.020 GC heap before
{Heap before GC invocations=1574 (full 5):
 PSYoungGen      total 2560K, used 2464K [0x00000000eab00000, 0x00000000eae80000, 0x0000000100000000)
  eden space 2048K, 100% used [0x00000000eab00000,0x00000000ead00000,0x00000000ead00000)
  from space 512K, 81% used [0x00000000eae00000,0x00000000eae68000,0x00000000eae80000)
  to   space 512K, 0% used [0x00000000ead80000,0x00000000ead80000,0x00000000eae00000)
 ParOldGen       total 326144K, used 325745K [0x00000000c0000000, 0x00000000d3e80000, 0x00000000eab00000)
  object space 326144K, 99% used [0x00000000c0000000,0x00000000d3e1c788,0x00000000d3e80000)
 Metaspace       used 79273K, committed 81024K, reserved 1179648K
  class space    used 7927K, committed 8704K, reserved 1048576K
}
Event: 489.021 GC heap after
{Heap after GC invocations=1574 (full 5):
 PSYoungGen      total 2560K, used 490K [0x00000000eab00000, 0x00000000eaf00000, 0x0000000100000000)
  eden space 2048K, 0% used [0x00000000eab00000,0x00000000eab00000,0x00000000ead00000)
  from space 512K, 95% used [0x00000000ead80000,0x00000000eadfa910,0x00000000eae00000)
  to   space 1024K, 0% used [0x00000000eae00000,0x00000000eae00000,0x00000000eaf00000)
 ParOldGen       total 326144K, used 326058K [0x00000000c0000000, 0x00000000d3e80000, 0x00000000eab00000)
  object space 326144K, 99% used [0x00000000c0000000,0x00000000d3e6aa18,0x00000000d3e80000)
 Metaspace       used 79273K, committed 81024K, reserved 1179648K
  class space    used 7927K, committed 8704K, reserved 1048576K
}
Event: 489.022 GC heap before
{Heap before GC invocations=1575 (full 5):
 PSYoungGen      total 2560K, used 2538K [0x00000000eab00000, 0x00000000eaf00000, 0x0000000100000000)
  eden space 2048K, 100% used [0x00000000eab00000,0x00000000ead00000,0x00000000ead00000)
  from space 512K, 95% used [0x00000000ead80000,0x00000000eadfa910,0x00000000eae00000)
  to   space 1024K, 0% used [0x00000000eae00000,0x00000000eae00000,0x00000000eaf00000)
 ParOldGen       total 326144K, used 326058K [0x00000000c0000000, 0x00000000d3e80000, 0x00000000eab00000)
  object space 326144K, 99% used [0x00000000c0000000,0x00000000d3e6aa18,0x00000000d3e80000)
 Metaspace       used 79273K, committed 81024K, reserved 1179648K
  class space    used 7927K, committed 8704K, reserved 1048576K
}
Event: 489.023 GC heap after
{Heap after GC invocations=1575 (full 5):
 PSYoungGen      total 2560K, used 320K [0x00000000eab00000, 0x00000000eae80000, 0x0000000100000000)
  eden space 2048K, 0% used [0x00000000eab00000,0x00000000eab00000,0x00000000ead00000)
  from space 512K, 62% used [0x00000000eae00000,0x00000000eae50000,0x00000000eae80000)
  to   space 512K, 0% used [0x00000000ead80000,0x00000000ead80000,0x00000000eae00000)
 ParOldGen       total 326656K, used 326431K [0x00000000c0000000, 0x00000000d3f00000, 0x00000000eab00000)
  object space 326656K, 99% used [0x00000000c0000000,0x00000000d3ec7c28,0x00000000d3f00000)
 Metaspace       used 79273K, committed 81024K, reserved 1179648K
  class space    used 7927K, committed 8704K, reserved 1048576K
}
Event: 489.025 GC heap before
{Heap before GC invocations=1576 (full 5):
 PSYoungGen      total 2560K, used 2368K [0x00000000eab00000, 0x00000000eae80000, 0x0000000100000000)
  eden space 2048K, 100% used [0x00000000eab00000,0x00000000ead00000,0x00000000ead00000)
  from space 512K, 62% used [0x00000000eae00000,0x00000000eae50000,0x00000000eae80000)
  to   space 512K, 0% used [0x00000000ead80000,0x00000000ead80000,0x00000000eae00000)
 ParOldGen       total 326656K, used 326431K [0x00000000c0000000, 0x00000000d3f00000, 0x00000000eab00000)
  object space 326656K, 99% used [0x00000000c0000000,0x00000000d3ec7c28,0x00000000d3f00000)
 Metaspace       used 79273K, committed 81024K, reserved 1179648K
  class space    used 7927K, committed 8704K, reserved 1048576K
}
Event: 489.026 GC heap after
{Heap after GC invocations=1576 (full 5):
 PSYoungGen      total 2560K, used 352K [0x00000000eab00000, 0x00000000eae80000, 0x0000000100000000)
  eden space 2048K, 0% used [0x00000000eab00000,0x00000000eab00000,0x00000000ead00000)
  from space 512K, 68% used [0x00000000ead80000,0x00000000eadd8000,0x00000000eae00000)
  to   space 512K, 0% used [0x00000000eae00000,0x00000000eae00000,0x00000000eae80000)
 ParOldGen       total 326656K, used 326559K [0x00000000c0000000, 0x00000000d3f00000, 0x00000000eab00000)
  object space 326656K, 99% used [0x00000000c0000000,0x00000000d3ee7c28,0x00000000d3f00000)
 Metaspace       used 79273K, committed 81024K, reserved 1179648K
  class space    used 7927K, committed 8704K, reserved 1048576K
}
Event: 489.029 GC heap before
{Heap before GC invocations=1577 (full 5):
 PSYoungGen      total 2560K, used 2400K [0x00000000eab00000, 0x00000000eae80000, 0x0000000100000000)
  eden space 2048K, 100% used [0x00000000eab00000,0x00000000ead00000,0x00000000ead00000)
  from space 512K, 68% used [0x00000000ead80000,0x00000000eadd8000,0x00000000eae00000)
  to   space 512K, 0% used [0x00000000eae00000,0x00000000eae00000,0x00000000eae80000)
 ParOldGen       total 326656K, used 326559K [0x00000000c0000000, 0x00000000d3f00000, 0x00000000eab00000)
  object space 326656K, 99% used [0x00000000c0000000,0x00000000d3ee7c28,0x00000000d3f00000)
 Metaspace       used 79277K, committed 81024K, reserved 1179648K
  class space    used 7927K, committed 8704K, reserved 1048576K
}
Event: 489.029 GC heap after
{Heap after GC invocations=1577 (full 5):
 PSYoungGen      total 2560K, used 500K [0x00000000eab00000, 0x00000000eaf00000, 0x0000000100000000)
  eden space 2048K, 0% used [0x00000000eab00000,0x00000000eab00000,0x00000000ead00000)
  from space 512K, 97% used [0x00000000eae00000,0x00000000eae7d200,0x00000000eae80000)
  to   space 1024K, 0% used [0x00000000ead00000,0x00000000ead00000,0x00000000eae00000)
 ParOldGen       total 327168K, used 326767K [0x00000000c0000000, 0x00000000d3f80000, 0x00000000eab00000)
  object space 327168K, 99% used [0x00000000c0000000,0x00000000d3f1bc38,0x00000000d3f80000)
 Metaspace       used 79277K, committed 81024K, reserved 1179648K
  class space    used 7927K, committed 8704K, reserved 1048576K
}
Event: 489.031 GC heap before
{Heap before GC invocations=1578 (full 5):
 PSYoungGen      total 2560K, used 2548K [0x00000000eab00000, 0x00000000eaf00000, 0x0000000100000000)
  eden space 2048K, 100% used [0x00000000eab00000,0x00000000ead00000,0x00000000ead00000)
  from space 512K, 97% used [0x00000000eae00000,0x00000000eae7d200,0x00000000eae80000)
  to   space 1024K, 0% used [0x00000000ead00000,0x00000000ead00000,0x00000000eae00000)
 ParOldGen       total 327168K, used 326767K [0x00000000c0000000, 0x00000000d3f80000, 0x00000000eab00000)
  object space 327168K, 99% used [0x00000000c0000000,0x00000000d3f1bc38,0x00000000d3f80000)
 Metaspace       used 79277K, committed 81024K, reserved 1179648K
  class space    used 7927K, committed 8704K, reserved 1048576K
}
Event: 489.032 GC heap after
{Heap after GC invocations=1578 (full 5):
 PSYoungGen      total 3072K, used 320K [0x00000000eab00000, 0x00000000eae80000, 0x0000000100000000)
  eden space 2048K, 0% used [0x00000000eab00000,0x00000000eab00000,0x00000000ead00000)
  from space 1024K, 31% used [0x00000000ead00000,0x00000000ead50000,0x00000000eae00000)
  to   space 512K, 0% used [0x00000000eae00000,0x00000000eae00000,0x00000000eae80000)
 ParOldGen       total 327680K, used 327235K [0x00000000c0000000, 0x00000000d4000000, 0x00000000eab00000)
  object space 327680K, 99% used [0x00000000c0000000,0x00000000d3f90e38,0x00000000d4000000)
 Metaspace       used 79277K, committed 81024K, reserved 1179648K
  class space    used 7927K, committed 8704K, reserved 1048576K
}
Event: 489.035 GC heap before
{Heap before GC invocations=1579 (full 5):
 PSYoungGen      total 3072K, used 2368K [0x00000000eab00000, 0x00000000eae80000, 0x0000000100000000)
  eden space 2048K, 100% used [0x00000000eab00000,0x00000000ead00000,0x00000000ead00000)
  from space 1024K, 31% used [0x00000000ead00000,0x00000000ead50000,0x00000000eae00000)
  to   space 512K, 0% used [0x00000000eae00000,0x00000000eae00000,0x00000000eae80000)
 ParOldGen       total 327680K, used 327235K [0x00000000c0000000, 0x00000000d4000000, 0x00000000eab00000)
  object space 327680K, 99% used [0x00000000c0000000,0x00000000d3f90e38,0x00000000d4000000)
 Metaspace       used 79278K, committed 81024K, reserved 1179648K
  class space    used 7927K, committed 8704K, reserved 1048576K
}
Event: 489.036 GC heap after
{Heap after GC invocations=1579 (full 5):
 PSYoungGen      total 2560K, used 416K [0x00000000eab00000, 0x00000000eae80000, 0x0000000100000000)
  eden space 2048K, 0% used [0x00000000eab00000,0x00000000eab00000,0x00000000ead00000)
  from space 512K, 81% used [0x00000000eae00000,0x00000000eae68000,0x00000000eae80000)
  to   space 512K, 0% used [0x00000000ead80000,0x00000000ead80000,0x00000000eae00000)
 ParOldGen       total 327680K, used 327355K [0x00000000c0000000, 0x00000000d4000000, 0x00000000eab00000)
  object space 327680K, 99% used [0x00000000c0000000,0x00000000d3faee38,0x00000000d4000000)
 Metaspace       used 79278K, committed 81024K, reserved 1179648K
  class space    used 7927K, committed 8704K, reserved 1048576K
}
Event: 516.495 GC heap before
{Heap before GC invocations=1580 (full 5):
 PSYoungGen      total 2560K, used 2463K [0x00000000eab00000, 0x00000000eae80000, 0x0000000100000000)
  eden space 2048K, 99% used [0x00000000eab00000,0x00000000eacfff98,0x00000000ead00000)
  from space 512K, 81% used [0x00000000eae00000,0x00000000eae68000,0x00000000eae80000)
  to   space 512K, 0% used [0x00000000ead80000,0x00000000ead80000,0x00000000eae00000)
 ParOldGen       total 327680K, used 327355K [0x00000000c0000000, 0x00000000d4000000, 0x00000000eab00000)
  object space 327680K, 99% used [0x00000000c0000000,0x00000000d3faee38,0x00000000d4000000)
 Metaspace       used 79285K, committed 81024K, reserved 1179648K
  class space    used 7927K, committed 8704K, reserved 1048576K
}
Event: 516.495 GC heap after
{Heap after GC invocations=1580 (full 5):
 PSYoungGen      total 2560K, used 224K [0x00000000eab00000, 0x00000000eae80000, 0x0000000100000000)
  eden space 2048K, 0% used [0x00000000eab00000,0x00000000eab00000,0x00000000ead00000)
  from space 512K, 43% used [0x00000000ead80000,0x00000000eadb8000,0x00000000eae00000)
  to   space 512K, 0% used [0x00000000eae00000,0x00000000eae00000,0x00000000eae80000)
 ParOldGen       total 327680K, used 327651K [0x00000000c0000000, 0x00000000d4000000, 0x00000000eab00000)
  object space 327680K, 99% used [0x00000000c0000000,0x00000000d3ff8e38,0x00000000d4000000)
 Metaspace       used 79285K, committed 81024K, reserved 1179648K
  class space    used 7927K, committed 8704K, reserved 1048576K
}
Event: 516.498 GC heap before
{Heap before GC invocations=1581 (full 5):
 PSYoungGen      total 2560K, used 2272K [0x00000000eab00000, 0x00000000eae80000, 0x0000000100000000)
  eden space 2048K, 100% used [0x00000000eab00000,0x00000000ead00000,0x00000000ead00000)
  from space 512K, 43% used [0x00000000ead80000,0x00000000eadb8000,0x00000000eae00000)
  to   space 512K, 0% used [0x00000000eae00000,0x00000000eae00000,0x00000000eae80000)
 ParOldGen       total 327680K, used 327651K [0x00000000c0000000, 0x00000000d4000000, 0x00000000eab00000)
  object space 327680K, 99% used [0x00000000c0000000,0x00000000d3ff8e38,0x00000000d4000000)
 Metaspace       used 79285K, committed 81024K, reserved 1179648K
  class space    used 7927K, committed 8704K, reserved 1048576K
}
Event: 516.499 GC heap after
{Heap after GC invocations=1581 (full 5):
 PSYoungGen      total 2560K, used 490K [0x00000000eab00000, 0x00000000eaf00000, 0x0000000100000000)
  eden space 2048K, 0% used [0x00000000eab00000,0x00000000eab00000,0x00000000ead00000)
  from space 512K, 95% used [0x00000000eae00000,0x00000000eae7a910,0x00000000eae80000)
  to   space 1024K, 0% used [0x00000000ead00000,0x00000000ead00000,0x00000000eae00000)
 ParOldGen       total 328192K, used 327731K [0x00000000c0000000, 0x00000000d4080000, 0x00000000eab00000)
  object space 328192K, 99% used [0x00000000c0000000,0x00000000d400ce38,0x00000000d4080000)
 Metaspace       used 79285K, committed 81024K, reserved 1179648K
  class space    used 7927K, committed 8704K, reserved 1048576K
}
Event: 516.501 GC heap before
{Heap before GC invocations=1582 (full 5):
 PSYoungGen      total 2560K, used 2538K [0x00000000eab00000, 0x00000000eaf00000, 0x0000000100000000)
  eden space 2048K, 100% used [0x00000000eab00000,0x00000000ead00000,0x00000000ead00000)
  from space 512K, 95% used [0x00000000eae00000,0x00000000eae7a910,0x00000000eae80000)
  to   space 1024K, 0% used [0x00000000ead00000,0x00000000ead00000,0x00000000eae00000)
 ParOldGen       total 328192K, used 327731K [0x00000000c0000000, 0x00000000d4080000, 0x00000000eab00000)
  object space 328192K, 99% used [0x00000000c0000000,0x00000000d400ce38,0x00000000d4080000)
 Metaspace       used 79285K, committed 81024K, reserved 1179648K
  class space    used 7927K, committed 8704K, reserved 1048576K
}
Event: 516.502 GC heap after
{Heap after GC invocations=1582 (full 5):
 PSYoungGen      total 3072K, used 352K [0x00000000eab00000, 0x00000000eae80000, 0x0000000100000000)
  eden space 2048K, 0% used [0x00000000eab00000,0x00000000eab00000,0x00000000ead00000)
  from space 1024K, 34% used [0x00000000ead00000,0x00000000ead58000,0x00000000eae00000)
  to   space 512K, 0% used [0x00000000eae00000,0x00000000eae00000,0x00000000eae80000)
 ParOldGen       total 328192K, used 328112K [0x00000000c0000000, 0x00000000d4080000, 0x00000000eab00000)
  object space 328192K, 99% used [0x00000000c0000000,0x00000000d406c048,0x00000000d4080000)
 Metaspace       used 79285K, committed 81024K, reserved 1179648K
  class space    used 7927K, committed 8704K, reserved 1048576K
}
Event: 516.504 GC heap before
{Heap before GC invocations=1583 (full 5):
 PSYoungGen      total 3072K, used 2400K [0x00000000eab00000, 0x00000000eae80000, 0x0000000100000000)
  eden space 2048K, 100% used [0x00000000eab00000,0x00000000ead00000,0x00000000ead00000)
  from space 1024K, 34% used [0x00000000ead00000,0x00000000ead58000,0x00000000eae00000)
  to   space 512K, 0% used [0x00000000eae00000,0x00000000eae00000,0x00000000eae80000)
 ParOldGen       total 328192K, used 328112K [0x00000000c0000000, 0x00000000d4080000, 0x00000000eab00000)
  object space 328192K, 99% used [0x00000000c0000000,0x00000000d406c048,0x00000000d4080000)
 Metaspace       used 79285K, committed 81024K, reserved 1179648K
  class space    used 7927K, committed 8704K, reserved 1048576K
}
Event: 516.504 GC heap after
{Heap after GC invocations=1583 (full 5):
 PSYoungGen      total 2560K, used 352K [0x00000000eab00000, 0x00000000eae80000, 0x0000000100000000)
  eden space 2048K, 0% used [0x00000000eab00000,0x00000000eab00000,0x00000000ead00000)
  from space 512K, 68% used [0x00000000eae00000,0x00000000eae58000,0x00000000eae80000)
  to   space 512K, 0% used [0x00000000ead80000,0x00000000ead80000,0x00000000eae00000)
 ParOldGen       total 328704K, used 328280K [0x00000000c0000000, 0x00000000d4100000, 0x00000000eab00000)
  object space 328704K, 99% used [0x00000000c0000000,0x00000000d4096048,0x00000000d4100000)
 Metaspace       used 79285K, committed 81024K, reserved 1179648K
  class space    used 7927K, committed 8704K, reserved 1048576K
}

