# JRE version: OpenJDK Runtime Environment Temurin-21.0.6+7 (21.0.6+7) (build 21.0.6+7-LTS)
# Java VM: OpenJDK 64-Bit Server VM Temurin-21.0.6+7 (21.0.6+7-LTS, mixed mode, sharing, tiered, compressed oops, compressed class ptrs, parallel gc, windows-amd64)
GC Precious Log:
 CardTable entry size: 512
 CPUs: 12 total, 12 available
 Memory: 16296M
 Large Page Support: Disabled
 NUMA Support: Disabled
 Compressed Oops: Enabled (32-bit)
 Alignments: Space 512K, Generation 512K, Heap 2M
 Heap Min Capacity: 100M
 Heap Initial Capacity: 100M
 Heap Max Capacity: 1G
 Pre-touch: Disabled
 Parallel Workers: 10
Heap:
 PSYoungGen      total 5120K, used 4768K [0x00000000eab00000, 0x00000000eb100000, 0x0000000100000000)
  eden space 4096K, 100% used [0x00000000eab00000,0x00000000eaf00000,0x00000000eaf00000)
  from space 1024K, 65% used [0x00000000eb000000,0x00000000eb0a8000,0x00000000eb100000)
  to   space 1024K, 0% used [0x00000000eaf00000,0x00000000eaf00000,0x00000000eb000000)
 ParOldGen       total 697344K, used 697213K [0x00000000c0000000, 0x00000000ea900000, 0x00000000eab00000)
  object space 697344K, 99% used [0x00000000c0000000,0x00000000ea8df590,0x00000000ea900000)
 Metaspace       used 62609K, committed 64064K, reserved 1114112K
  class space    used 6461K, committed 7104K, reserved 1048576K
GC Heap History (20 events):
Event: 15.311 GC heap after
{Heap after GC invocations=1156 (full 3):
 PSYoungGen      total 5120K, used 512K [0x00000000eab00000, 0x00000000eb100000, 0x0000000100000000)
  eden space 4096K, 0% used [0x00000000eab00000,0x00000000eab00000,0x00000000eaf00000)
  from space 1024K, 50% used [0x00000000eaf00000,0x00000000eaf80000,0x00000000eb000000)
  to   space 1024K, 0% used [0x00000000eb000000,0x00000000eb000000,0x00000000eb100000)
 ParOldGen       total 693760K, used 693377K [0x00000000c0000000, 0x00000000ea580000, 0x00000000eab00000)
  object space 693760K, 99% used [0x00000000c0000000,0x00000000ea520708,0x00000000ea580000)
 Metaspace       used 62606K, committed 64000K, reserved 1114112K
  class space    used 6461K, committed 7104K, reserved 1048576K
}
Event: 15.333 GC heap before
{Heap before GC invocations=1157 (full 3):
 PSYoungGen      total 5120K, used 4608K [0x00000000eab00000, 0x00000000eb100000, 0x0000000100000000)
  eden space 4096K, 100% used [0x00000000eab00000,0x00000000eaf00000,0x00000000eaf00000)
  from space 1024K, 50% used [0x00000000eaf00000,0x00000000eaf80000,0x00000000eb000000)
  to   space 1024K, 0% used [0x00000000eb000000,0x00000000eb000000,0x00000000eb100000)
 ParOldGen       total 693760K, used 693377K [0x00000000c0000000, 0x00000000ea580000, 0x00000000eab00000)
  object space 693760K, 99% used [0x00000000c0000000,0x00000000ea520708,0x00000000ea580000)
 Metaspace       used 62606K, committed 64000K, reserved 1114112K
  class space    used 6461K, committed 7104K, reserved 1048576K
}
Event: 15.334 GC heap after
{Heap after GC invocations=1157 (full 3):
 PSYoungGen      total 4608K, used 448K [0x00000000eab00000, 0x00000000eb080000, 0x0000000100000000)
  eden space 4096K, 0% used [0x00000000eab00000,0x00000000eab00000,0x00000000eaf00000)
  from space 512K, 87% used [0x00000000eb000000,0x00000000eb070000,0x00000000eb080000)
  to   space 512K, 0% used [0x00000000eaf80000,0x00000000eaf80000,0x00000000eb000000)
 ParOldGen       total 694272K, used 693793K [0x00000000c0000000, 0x00000000ea600000, 0x00000000eab00000)
  object space 694272K, 99% used [0x00000000c0000000,0x00000000ea588708,0x00000000ea600000)
 Metaspace       used 62606K, committed 64000K, reserved 1114112K
  class space    used 6461K, committed 7104K, reserved 1048576K
}
Event: 15.365 GC heap before
{Heap before GC invocations=1158 (full 3):
 PSYoungGen      total 4608K, used 4544K [0x00000000eab00000, 0x00000000eb080000, 0x0000000100000000)
  eden space 4096K, 100% used [0x00000000eab00000,0x00000000eaf00000,0x00000000eaf00000)
  from space 512K, 87% used [0x00000000eb000000,0x00000000eb070000,0x00000000eb080000)
  to   space 512K, 0% used [0x00000000eaf80000,0x00000000eaf80000,0x00000000eb000000)
 ParOldGen       total 694272K, used 693793K [0x00000000c0000000, 0x00000000ea600000, 0x00000000eab00000)
  object space 694272K, 99% used [0x00000000c0000000,0x00000000ea588708,0x00000000ea600000)
 Metaspace       used 62609K, committed 64064K, reserved 1114112K
  class space    used 6461K, committed 7104K, reserved 1048576K
}
Event: 15.365 GC heap after
{Heap after GC invocations=1158 (full 3):
 PSYoungGen      total 4608K, used 352K [0x00000000eab00000, 0x00000000eb080000, 0x0000000100000000)
  eden space 4096K, 0% used [0x00000000eab00000,0x00000000eab00000,0x00000000eaf00000)
  from space 512K, 68% used [0x00000000eaf80000,0x00000000eafd8000,0x00000000eb000000)
  to   space 512K, 0% used [0x00000000eb000000,0x00000000eb000000,0x00000000eb080000)
 ParOldGen       total 694272K, used 693951K [0x00000000c0000000, 0x00000000ea600000, 0x00000000eab00000)
  object space 694272K, 99% used [0x00000000c0000000,0x00000000ea5afd18,0x00000000ea600000)
 Metaspace       used 62609K, committed 64064K, reserved 1114112K
  class space    used 6461K, committed 7104K, reserved 1048576K
}
Event: 15.404 GC heap before
{Heap before GC invocations=1159 (full 3):
 PSYoungGen      total 4608K, used 4448K [0x00000000eab00000, 0x00000000eb080000, 0x0000000100000000)
  eden space 4096K, 100% used [0x00000000eab00000,0x00000000eaf00000,0x00000000eaf00000)
  from space 512K, 68% used [0x00000000eaf80000,0x00000000eafd8000,0x00000000eb000000)
  to   space 512K, 0% used [0x00000000eb000000,0x00000000eb000000,0x00000000eb080000)
 ParOldGen       total 694272K, used 693951K [0x00000000c0000000, 0x00000000ea600000, 0x00000000eab00000)
  object space 694272K, 99% used [0x00000000c0000000,0x00000000ea5afd18,0x00000000ea600000)
 Metaspace       used 62609K, committed 64064K, reserved 1114112K
  class space    used 6461K, committed 7104K, reserved 1048576K
}
Event: 15.405 GC heap after
{Heap after GC invocations=1159 (full 3):
 PSYoungGen      total 4608K, used 482K [0x00000000eab00000, 0x00000000eb100000, 0x0000000100000000)
  eden space 4096K, 0% used [0x00000000eab00000,0x00000000eab00000,0x00000000eaf00000)
  from space 512K, 94% used [0x00000000eb000000,0x00000000eb078900,0x00000000eb080000)
  to   space 1024K, 0% used [0x00000000eaf00000,0x00000000eaf00000,0x00000000eb000000)
 ParOldGen       total 694272K, used 694119K [0x00000000c0000000, 0x00000000ea600000, 0x00000000eab00000)
  object space 694272K, 99% used [0x00000000c0000000,0x00000000ea5d9d18,0x00000000ea600000)
 Metaspace       used 62609K, committed 64064K, reserved 1114112K
  class space    used 6461K, committed 7104K, reserved 1048576K
}
Event: 15.413 GC heap before
{Heap before GC invocations=1160 (full 3):
 PSYoungGen      total 4608K, used 4578K [0x00000000eab00000, 0x00000000eb100000, 0x0000000100000000)
  eden space 4096K, 100% used [0x00000000eab00000,0x00000000eaf00000,0x00000000eaf00000)
  from space 512K, 94% used [0x00000000eb000000,0x00000000eb078900,0x00000000eb080000)
  to   space 1024K, 0% used [0x00000000eaf00000,0x00000000eaf00000,0x00000000eb000000)
 ParOldGen       total 694272K, used 694119K [0x00000000c0000000, 0x00000000ea600000, 0x00000000eab00000)
  object space 694272K, 99% used [0x00000000c0000000,0x00000000ea5d9d18,0x00000000ea600000)
 Metaspace       used 62609K, committed 64064K, reserved 1114112K
  class space    used 6461K, committed 7104K, reserved 1048576K
}
Event: 15.414 GC heap after
{Heap after GC invocations=1160 (full 3):
 PSYoungGen      total 5120K, used 672K [0x00000000eab00000, 0x00000000eb100000, 0x0000000100000000)
  eden space 4096K, 0% used [0x00000000eab00000,0x00000000eab00000,0x00000000eaf00000)
  from space 1024K, 65% used [0x00000000eaf00000,0x00000000eafa8000,0x00000000eb000000)
  to   space 1024K, 0% used [0x00000000eb000000,0x00000000eb000000,0x00000000eb100000)
 ParOldGen       total 694784K, used 694552K [0x00000000c0000000, 0x00000000ea680000, 0x00000000eab00000)
  object space 694784K, 99% used [0x00000000c0000000,0x00000000ea646178,0x00000000ea680000)
 Metaspace       used 62609K, committed 64064K, reserved 1114112K
  class space    used 6461K, committed 7104K, reserved 1048576K
}
Event: 15.420 GC heap before
{Heap before GC invocations=1161 (full 3):
 PSYoungGen      total 5120K, used 4753K [0x00000000eab00000, 0x00000000eb100000, 0x0000000100000000)
  eden space 4096K, 99% used [0x00000000eab00000,0x00000000eaefc618,0x00000000eaf00000)
  from space 1024K, 65% used [0x00000000eaf00000,0x00000000eafa8000,0x00000000eb000000)
  to   space 1024K, 0% used [0x00000000eb000000,0x00000000eb000000,0x00000000eb100000)
 ParOldGen       total 694784K, used 694552K [0x00000000c0000000, 0x00000000ea680000, 0x00000000eab00000)
  object space 694784K, 99% used [0x00000000c0000000,0x00000000ea646178,0x00000000ea680000)
 Metaspace       used 62609K, committed 64064K, reserved 1114112K
  class space    used 6461K, committed 7104K, reserved 1048576K
}
Event: 15.422 GC heap after
{Heap after GC invocations=1161 (full 3):
 PSYoungGen      total 5120K, used 576K [0x00000000eab00000, 0x00000000eb100000, 0x0000000100000000)
  eden space 4096K, 0% used [0x00000000eab00000,0x00000000eab00000,0x00000000eaf00000)
  from space 1024K, 56% used [0x00000000eb000000,0x00000000eb090000,0x00000000eb100000)
  to   space 1024K, 0% used [0x00000000eaf00000,0x00000000eaf00000,0x00000000eb000000)
 ParOldGen       total 695296K, used 695091K [0x00000000c0000000, 0x00000000ea700000, 0x00000000eab00000)
  object space 695296K, 99% used [0x00000000c0000000,0x00000000ea6ccd80,0x00000000ea700000)
 Metaspace       used 62609K, committed 64064K, reserved 1114112K
  class space    used 6461K, committed 7104K, reserved 1048576K
}
Event: 15.427 GC heap before
{Heap before GC invocations=1162 (full 3):
 PSYoungGen      total 5120K, used 4663K [0x00000000eab00000, 0x00000000eb100000, 0x0000000100000000)
  eden space 4096K, 99% used [0x00000000eab00000,0x00000000eaefdda8,0x00000000eaf00000)
  from space 1024K, 56% used [0x00000000eb000000,0x00000000eb090000,0x00000000eb100000)
  to   space 1024K, 0% used [0x00000000eaf00000,0x00000000eaf00000,0x00000000eb000000)
 ParOldGen       total 695296K, used 695091K [0x00000000c0000000, 0x00000000ea700000, 0x00000000eab00000)
  object space 695296K, 99% used [0x00000000c0000000,0x00000000ea6ccd80,0x00000000ea700000)
 Metaspace       used 62609K, committed 64064K, reserved 1114112K
  class space    used 6461K, committed 7104K, reserved 1048576K
}
Event: 15.429 GC heap after
{Heap after GC invocations=1162 (full 3):
 PSYoungGen      total 5120K, used 662K [0x00000000eab00000, 0x00000000eb100000, 0x0000000100000000)
  eden space 4096K, 0% used [0x00000000eab00000,0x00000000eab00000,0x00000000eaf00000)
  from space 1024K, 64% used [0x00000000eaf00000,0x00000000eafa5808,0x00000000eb000000)
  to   space 1024K, 0% used [0x00000000eb000000,0x00000000eb000000,0x00000000eb100000)
 ParOldGen       total 695808K, used 695595K [0x00000000c0000000, 0x00000000ea780000, 0x00000000eab00000)
  object space 695808K, 99% used [0x00000000c0000000,0x00000000ea74ad80,0x00000000ea780000)
 Metaspace       used 62609K, committed 64064K, reserved 1114112K
  class space    used 6461K, committed 7104K, reserved 1048576K
}
Event: 15.435 GC heap before
{Heap before GC invocations=1163 (full 3):
 PSYoungGen      total 5120K, used 4758K [0x00000000eab00000, 0x00000000eb100000, 0x0000000100000000)
  eden space 4096K, 100% used [0x00000000eab00000,0x00000000eaf00000,0x00000000eaf00000)
  from space 1024K, 64% used [0x00000000eaf00000,0x00000000eafa5808,0x00000000eb000000)
  to   space 1024K, 0% used [0x00000000eb000000,0x00000000eb000000,0x00000000eb100000)
 ParOldGen       total 695808K, used 695595K [0x00000000c0000000, 0x00000000ea780000, 0x00000000eab00000)
  object space 695808K, 99% used [0x00000000c0000000,0x00000000ea74ad80,0x00000000ea780000)
 Metaspace       used 62609K, committed 64064K, reserved 1114112K
  class space    used 6461K, committed 7104K, reserved 1048576K
}
Event: 15.437 GC heap after
{Heap after GC invocations=1163 (full 3):
 PSYoungGen      total 5120K, used 608K [0x00000000eab00000, 0x00000000eb100000, 0x0000000100000000)
  eden space 4096K, 0% used [0x00000000eab00000,0x00000000eab00000,0x00000000eaf00000)
  from space 1024K, 59% used [0x00000000eb000000,0x00000000eb098000,0x00000000eb100000)
  to   space 1024K, 0% used [0x00000000eaf00000,0x00000000eaf00000,0x00000000eb000000)
 ParOldGen       total 696320K, used 696081K [0x00000000c0000000, 0x00000000ea800000, 0x00000000eab00000)
  object space 696320K, 99% used [0x00000000c0000000,0x00000000ea7c4588,0x00000000ea800000)
 Metaspace       used 62609K, committed 64064K, reserved 1114112K
  class space    used 6461K, committed 7104K, reserved 1048576K
}
Event: 15.444 GC heap before
{Heap before GC invocations=1164 (full 3):
 PSYoungGen      total 5120K, used 4704K [0x00000000eab00000, 0x00000000eb100000, 0x0000000100000000)
  eden space 4096K, 100% used [0x00000000eab00000,0x00000000eaf00000,0x00000000eaf00000)
  from space 1024K, 59% used [0x00000000eb000000,0x00000000eb098000,0x00000000eb100000)
  to   space 1024K, 0% used [0x00000000eaf00000,0x00000000eaf00000,0x00000000eb000000)
 ParOldGen       total 696320K, used 696081K [0x00000000c0000000, 0x00000000ea800000, 0x00000000eab00000)
  object space 696320K, 99% used [0x00000000c0000000,0x00000000ea7c4588,0x00000000ea800000)
 Metaspace       used 62609K, committed 64064K, reserved 1114112K
  class space    used 6461K, committed 7104K, reserved 1048576K
}
Event: 15.445 GC heap after
{Heap after GC invocations=1164 (full 3):
 PSYoungGen      total 5120K, used 748K [0x00000000eab00000, 0x00000000eb100000, 0x0000000100000000)
  eden space 4096K, 0% used [0x00000000eab00000,0x00000000eab00000,0x00000000eaf00000)
  from space 1024K, 73% used [0x00000000eaf00000,0x00000000eafbb008,0x00000000eb000000)
  to   space 1024K, 0% used [0x00000000eb000000,0x00000000eb000000,0x00000000eb100000)
 ParOldGen       total 696832K, used 696585K [0x00000000c0000000, 0x00000000ea880000, 0x00000000eab00000)
  object space 696832K, 99% used [0x00000000c0000000,0x00000000ea842588,0x00000000ea880000)
 Metaspace       used 62609K, committed 64064K, reserved 1114112K
  class space    used 6461K, committed 7104K, reserved 1048576K
}
Event: 15.451 GC heap before
{Heap before GC invocations=1165 (full 3):
 PSYoungGen      total 5120K, used 4844K [0x00000000eab00000, 0x00000000eb100000, 0x0000000100000000)
  eden space 4096K, 100% used [0x00000000eab00000,0x00000000eaf00000,0x00000000eaf00000)
  from space 1024K, 73% used [0x00000000eaf00000,0x00000000eafbb008,0x00000000eb000000)
  to   space 1024K, 0% used [0x00000000eb000000,0x00000000eb000000,0x00000000eb100000)
 ParOldGen       total 696832K, used 696585K [0x00000000c0000000, 0x00000000ea880000, 0x00000000eab00000)
  object space 696832K, 99% used [0x00000000c0000000,0x00000000ea842588,0x00000000ea880000)
 Metaspace       used 62609K, committed 64064K, reserved 1114112K
  class space    used 6461K, committed 7104K, reserved 1048576K
}
Event: 15.453 GC heap after
{Heap after GC invocations=1165 (full 3):
 PSYoungGen      total 5120K, used 672K [0x00000000eab00000, 0x00000000eb100000, 0x0000000100000000)
  eden space 4096K, 0% used [0x00000000eab00000,0x00000000eab00000,0x00000000eaf00000)
  from space 1024K, 65% used [0x00000000eb000000,0x00000000eb0a8000,0x00000000eb100000)
  to   space 1024K, 0% used [0x00000000eaf00000,0x00000000eaf00000,0x00000000eb000000)
 ParOldGen       total 697344K, used 697213K [0x00000000c0000000, 0x00000000ea900000, 0x00000000eab00000)
  object space 697344K, 99% used [0x00000000c0000000,0x00000000ea8df590,0x00000000ea900000)
 Metaspace       used 62609K, committed 64064K, reserved 1114112K
  class space    used 6461K, committed 7104K, reserved 1048576K
}
Event: 15.458 GC heap before
{Heap before GC invocations=1166 (full 3):
 PSYoungGen      total 5120K, used 4768K [0x00000000eab00000, 0x00000000eb100000, 0x0000000100000000)
  eden space 4096K, 100% used [0x00000000eab00000,0x00000000eaf00000,0x00000000eaf00000)
  from space 1024K, 65% used [0x00000000eb000000,0x00000000eb0a8000,0x00000000eb100000)
  to   space 1024K, 0% used [0x00000000eaf00000,0x00000000eaf00000,0x00000000eb000000)
 ParOldGen       total 697344K, used 697213K [0x00000000c0000000, 0x00000000ea900000, 0x00000000eab00000)
  object space 697344K, 99% used [0x00000000c0000000,0x00000000ea8df590,0x00000000ea900000)
 Metaspace       used 62609K, committed 64064K, reserved 1114112K
  class space    used 6461K, committed 7104K, reserved 1048576K
}

